<?xml version="1.0" encoding="UTF-8"?>
<testng-results ignored="0" total="2" passed="2" failed="0" skipped="0">
  <reporter-output>
    <line>
      <![CDATA[opening mantra]]>
    </line>
    <line>
      <![CDATA[opening Meesho]]>
    </line>
  </reporter-output>
  <suite started-at="2023-07-27T14:01:44 IST" name="Suite" finished-at="2023-07-27T14:02:21 IST" duration-ms="36870">
    <groups>
    </groups>
    <test started-at="2023-07-27T14:01:44 IST" name="Test" finished-at="2023-07-27T14:02:21 IST" duration-ms="36870">
      <class name="ShoppingProject.Mantra">
        <test-method signature="MantraTest()[pri:0, instance:ShoppingProject.Mantra@4efbca5a]" started-at="2023-07-27T14:01:44 IST" name="MantraTest" finished-at="2023-07-27T14:02:06 IST" duration-ms="22294" status="PASS">
          <reporter-output>
            <line>
              <![CDATA[opening mantra]]>
            </line>
          </reporter-output>
        </test-method> <!-- MantraTest -->
      </class> <!-- ShoppingProject.Mantra -->
      <class name="ShoppingProject.Meesho">
        <test-method signature="MeeshoTest()[pri:0, instance:ShoppingProject.Meesho@1bd4fdd]" started-at="2023-07-27T14:02:06 IST" name="MeeshoTest" finished-at="2023-07-27T14:02:21 IST" duration-ms="14405" status="PASS">
          <reporter-output>
            <line>
              <![CDATA[opening Meesho]]>
            </line>
          </reporter-output>
        </test-method> <!-- MeeshoTest -->
      </class> <!-- ShoppingProject.Meesho -->
    </test> <!-- Test -->
  </suite> <!-- Suite -->
</testng-results>
